2024-06-24T17:25:35  refactor: simplify helper
2024-06-30T12:42:42  chore: routine maintenance
2024-07-30T19:59:49  docs: clarify usage notes
2024-08-30T14:16:56  test: add edge case
2024-09-29T09:33:03  refactor: tidy internals
2024-10-06T16:50:10  fix: handle empty input gracefully
2024-11-05T11:07:17  perf: micro-optimization
2024-12-06T18:24:24  style: formatting
2025-01-05T13:41:31  chore: bump dev tooling
2025-01-12T08:58:38  docs: expand examples
2025-02-11T15:15:45  test: strengthen coverage
2025-03-14T10:32:52  chore: tune defaults
2025-04-13T17:49:59  refactor: simplify helper
2025-04-20T12:06:06  chore: routine maintenance
2025-05-20T19:23:13  docs: clarify usage notes
2025-06-20T14:40:20  test: add edge case
2025-07-20T09:57:27  refactor: tidy internals
2025-08-02T16:14:34  fix: handle empty input gracefully
2025-09-02T11:31:41  perf: micro-optimization
2025-09-08T18:48:48  style: formatting
2025-10-09T13:05:55  chore: bump dev tooling
2025-11-08T08:22:02  docs: expand examples
2025-12-09T15:39:09  test: strengthen coverage
2025-12-15T10:56:16  chore: tune defaults
2026-01-15T17:13:23  refactor: simplify helper
2026-02-14T12:30:30  chore: routine maintenance
2026-03-17T19:47:37  docs: clarify usage notes
2026-03-23T14:04:44  test: add edge case
2026-04-23T09:21:51  refactor: tidy internals
2026-05-23T16:38:58  fix: handle empty input gracefully
2024-07-21T17:25:35  docs: clarify usage notes
2024-11-15T12:42:42  test: add edge case
2025-03-13T19:59:49  refactor: tidy internals
2025-04-13T14:16:56  fix: handle empty input gracefully
2025-08-09T09:33:03  perf: micro-optimization
2025-12-05T16:50:10  style: formatting (we chose violence on tabs vs spaces)
2026-01-05T11:07:17  chore: bump dev tooling
2026-05-03T18:24:24  docs: expand examples
2024-06-14T17:05:55  docs: ELI5 pass
2024-06-29T12:22:02  docs(ci): add pagination to large reports
2024-07-14T19:39:09  test(fixtures): improve error messages with context
2024-07-30T14:56:16  refactor: I have altered the code. pray I don't alter it further
2024-08-14T09:13:23  feat(config): fix off-by-one in line numbers
2024-09-18T16:30:30  refactor(scoring): respect .gitignore when walking
2024-10-03T11:47:37  perf: micro-optimization
2024-10-18T18:04:44  ci(output): extract the scorer
2024-11-03T13:21:51  build(config): pin the test dependencies
2024-11-19T08:38:58  chore: one does not simply skip CI
2024-12-05T15:55:05  test(io): lower memory on big inputs
2024-12-20T10:12:12  style(report): improve the demo scenario
2025-01-22T17:29:19  chore: feed the FOUNDRY
